This is pdfTeX, Version 3.141592653-2.6-1.40.24 (TeX Live 2022) (preloaded format=pdflatex 2023.3.1)  18 OCT 2024 14:38
entering extended mode
 \write18 enabled.
 file:line:error style messages enabled.
 %&-line parsing enabled.
**topology-literature-review.tex
(./topology-literature-review.tex
LaTeX2e <2021-11-15> patch level 1
L3 programming layer <2022-02-24> (/usr/local/texlive/2022/texmf-dist/tex/latex/base/article.cls
Document Class: article 2021/10/04 v1.4n Standard LaTeX document class
(/usr/local/texlive/2022/texmf-dist/tex/latex/base/size11.clo
File: size11.clo 2021/10/04 v1.4n Standard LaTeX file (size option)
)
\c@part=\count185
\c@section=\count186
\c@subsection=\count187
\c@subsubsection=\count188
\c@paragraph=\count189
\c@subparagraph=\count190
\c@figure=\count191
\c@table=\count192
\abovecaptionskip=\skip47
\belowcaptionskip=\skip48
\bibindent=\dimen138
) (/usr/local/texlive/2022/texmf-dist/tex/latex/geometry/geometry.sty
Package: geometry 2020/01/02 v5.9 Page Geometry
 (/usr/local/texlive/2022/texmf-dist/tex/latex/graphics/keyval.sty
Package: keyval 2014/10/28 v1.15 key=value parser (DPC)
\KV@toks@=\toks16
) (/usr/local/texlive/2022/texmf-dist/tex/generic/iftex/ifvtex.sty
Package: ifvtex 2019/10/25 v1.7 ifvtex legacy package. Use iftex instead.
 (/usr/local/texlive/2022/texmf-dist/tex/generic/iftex/iftex.sty
Package: iftex 2022/02/03 v1.0f TeX engine tests
))
\Gm@cnth=\count193
\Gm@cntv=\count194
\c@Gm@tempcnt=\count195
\Gm@bindingoffset=\dimen139
\Gm@wd@mp=\dimen140
\Gm@odd@mp=\dimen141
\Gm@even@mp=\dimen142
\Gm@layoutwidth=\dimen143
\Gm@layoutheight=\dimen144
\Gm@layouthoffset=\dimen145
\Gm@layoutvoffset=\dimen146
\Gm@dimlist=\toks17
) (/usr/local/texlive/2022/texmf-dist/tex/latex/base/inputenc.sty
Package: inputenc 2021/02/14 v1.3d Input encoding file
\inpenc@prehook=\toks18
\inpenc@posthook=\toks19
) (/usr/local/texlive/2022/texmf-dist/tex/latex/graphics/graphicx.sty
Package: graphicx 2021/09/16 v1.2d Enhanced LaTeX Graphics (DPC,SPQR)
 (/usr/local/texlive/2022/texmf-dist/tex/latex/graphics/graphics.sty
Package: graphics 2021/03/04 v1.4d Standard LaTeX Graphics (DPC,SPQR)
 (/usr/local/texlive/2022/texmf-dist/tex/latex/graphics/trig.sty
Package: trig 2021/08/11 v1.11 sin cos tan (DPC)
) (/usr/local/texlive/2022/texmf-dist/tex/latex/graphics-cfg/graphics.cfg
File: graphics.cfg 2016/06/04 v1.11 sample graphics configuration
)
Package graphics Info: Driver file: pdftex.def on input line 107.
 (/usr/local/texlive/2022/texmf-dist/tex/latex/graphics-def/pdftex.def
File: pdftex.def 2020/10/05 v1.2a Graphics/color driver for pdftex
))
\Gin@req@height=\dimen147
\Gin@req@width=\dimen148
) (/usr/local/texlive/2022/texmf-dist/tex/latex/xcolor/xcolor.sty
Package: xcolor 2021/10/31 v2.13 LaTeX color extensions (UK)
 (/usr/local/texlive/2022/texmf-dist/tex/latex/graphics-cfg/color.cfg
File: color.cfg 2016/01/02 v1.6 sample color configuration
)
Package xcolor Info: Driver file: pdftex.def on input line 227.
Package xcolor Info: Model `cmy' substituted by `cmy0' on input line 1352.
Package xcolor Info: Model `hsb' substituted by `rgb' on input line 1356.
Package xcolor Info: Model `RGB' extended on input line 1368.
Package xcolor Info: Model `HTML' substituted by `rgb' on input line 1370.
Package xcolor Info: Model `Hsb' substituted by `hsb' on input line 1371.
Package xcolor Info: Model `tHsb' substituted by `hsb' on input line 1372.
Package xcolor Info: Model `HSB' substituted by `hsb' on input line 1373.
Package xcolor Info: Model `Gray' substituted by `gray' on input line 1374.
Package xcolor Info: Model `wave' substituted by `hsb' on input line 1375.
 (/usr/local/texlive/2022/texmf-dist/tex/latex/graphics/dvipsnam.def
File: dvipsnam.def 2016/06/17 v3.0m Driver-dependent file (DPC,SPQR)
)) (/usr/local/texlive/2022/texmf-dist/tex/latex/amsmath/amsmath.sty
Package: amsmath 2021/10/15 v2.17l AMS math features
\@mathmargin=\skip49

For additional information on amsmath, use the `?' option.
(/usr/local/texlive/2022/texmf-dist/tex/latex/amsmath/amstext.sty
Package: amstext 2021/08/26 v2.01 AMS text
 (/usr/local/texlive/2022/texmf-dist/tex/latex/amsmath/amsgen.sty
File: amsgen.sty 1999/11/30 v2.0 generic functions
\@emptytoks=\toks20
\ex@=\dimen149
)) (/usr/local/texlive/2022/texmf-dist/tex/latex/amsmath/amsbsy.sty
Package: amsbsy 1999/11/29 v1.2d Bold Symbols
\pmbraise@=\dimen150
) (/usr/local/texlive/2022/texmf-dist/tex/latex/amsmath/amsopn.sty
Package: amsopn 2021/08/26 v2.02 operator names
)
\inf@bad=\count196
LaTeX Info: Redefining \frac on input line 234.
\uproot@=\count197
\leftroot@=\count198
LaTeX Info: Redefining \overline on input line 399.
\classnum@=\count199
\DOTSCASE@=\count266
LaTeX Info: Redefining \ldots on input line 496.
LaTeX Info: Redefining \dots on input line 499.
LaTeX Info: Redefining \cdots on input line 620.
\Mathstrutbox@=\box50
\strutbox@=\box51
\big@size=\dimen151
LaTeX Font Info:    Redeclaring font encoding OML on input line 743.
LaTeX Font Info:    Redeclaring font encoding OMS on input line 744.
\macc@depth=\count267
\c@MaxMatrixCols=\count268
\dotsspace@=\muskip16
\c@parentequation=\count269
\dspbrk@lvl=\count270
\tag@help=\toks21
\row@=\count271
\column@=\count272
\maxfields@=\count273
\andhelp@=\toks22
\eqnshift@=\dimen152
\alignsep@=\dimen153
\tagshift@=\dimen154
\tagwidth@=\dimen155
\totwidth@=\dimen156
\lineht@=\dimen157
\@envbody=\toks23
\multlinegap=\skip50
\multlinetaggap=\skip51
\mathdisplay@stack=\toks24
LaTeX Info: Redefining \[ on input line 2938.
LaTeX Info: Redefining \] on input line 2939.
) (/usr/local/texlive/2022/texmf-dist/tex/latex/float/float.sty
Package: float 2001/11/08 v1.3d Float enhancements (AL)
\c@float@type=\count274
\float@exts=\toks25
\float@box=\box52
\@float@everytoks=\toks26
\@floatcapt=\box53
) (/usr/local/texlive/2022/texmf-dist/tex/latex/natbib/natbib.sty
Package: natbib 2010/09/13 8.31b (PWD, AO)
\bibhang=\skip52
\bibsep=\skip53
LaTeX Info: Redefining \cite on input line 694.
\c@NAT@ctr=\count275
) (/usr/local/texlive/2022/texmf-dist/tex/latex/markdown/markdown.sty (/usr/local/texlive/2022/texmf-dist/tex/generic/xstring/xstring.sty (/usr/local/texlive/2022/texmf-dist/tex/generic/xstring/xstring.tex
\integerpart=\count276
\decimalpart=\count277
)
Package: xstring 2021/07/21 v1.84 String manipulations (CT)
) (/usr/local/texlive/2022/texmf-dist/tex/latex/l3kernel/expl3.sty
Package: expl3 2022-02-24 L3 programming layer (loader) 
 (/usr/local/texlive/2022/texmf-dist/tex/latex/l3backend/l3backend-pdftex.def
File: l3backend-pdftex.def 2022-02-07 L3 backend support: PDF output (pdfTeX)
\l__color_backend_stack_int=\count278
\l__pdf_internal_box=\box54
)) (/usr/local/texlive/2022/texmf-dist/tex/generic/markdown/markdown.tex
\markdownFrozenCacheCounter=\count279
\markdownInputFileStream=\read2
\markdownOutputFileStream=\write3
Package markdown Info: Using mode 0: Shell escape via write18 on input line 637.
)
Package: markdown 2022/03/01 v2.14.1-0-gb933d81 markdown renderer
 (/usr/local/texlive/2022/texmf-dist/tex/latex/base/ifthen.sty
Package: ifthen 2020/11/24 v1.1c Standard LaTeX ifthen package (DPC)
) (/usr/local/texlive/2022/texmf-dist/tex/latex/paralist/paralist.sty
Package: paralist 2017/01/22 v2.7 Extended list environments
\pltopsep=\skip54
\plpartopsep=\skip55
\plitemsep=\skip56
\plparsep=\skip57
\pl@lab=\toks27
) (/usr/local/texlive/2022/texmf-dist/tex/latex/amsfonts/amssymb.sty
Package: amssymb 2013/01/14 v3.01 AMS font symbols
 (/usr/local/texlive/2022/texmf-dist/tex/latex/amsfonts/amsfonts.sty
Package: amsfonts 2013/01/14 v3.01 Basic AMSFonts support
\symAMSa=\mathgroup4
\symAMSb=\mathgroup5
LaTeX Font Info:    Redeclaring math symbol \hbar on input line 98.
LaTeX Font Info:    Overwriting math alphabet `\mathfrak' in version `bold'
(Font)                  U/euf/m/n --> U/euf/b/n on input line 106.
)) (/usr/local/texlive/2022/texmf-dist/tex/latex/csvsimple/csvsimple.sty (/usr/local/texlive/2022/texmf-dist/tex/latex/l3packages/l3keys2e/l3keys2e.sty
Package: l3keys2e 2022-01-12 LaTeX2e option processing using LaTeX3 keys
)
Package: csvsimple 2022/02/01 v2.3.0 LaTeX CSV file processing
) (/usr/local/texlive/2022/texmf-dist/tex/latex/csvsimple/csvsimple-legacy.sty
Package: csvsimple-legacy 2022/02/01 version 2.3.0 LaTeX2e CSV file processing
 (/usr/local/texlive/2022/texmf-dist/tex/latex/pgf/utilities/pgfrcs.sty (/usr/local/texlive/2022/texmf-dist/tex/generic/pgf/utilities/pgfutil-common.tex
\pgfutil@everybye=\toks28
\pgfutil@tempdima=\dimen158
\pgfutil@tempdimb=\dimen159
 (/usr/local/texlive/2022/texmf-dist/tex/generic/pgf/utilities/pgfutil-common-lists.tex)) (/usr/local/texlive/2022/texmf-dist/tex/generic/pgf/utilities/pgfutil-latex.def
\pgfutil@abb=\box55
) (/usr/local/texlive/2022/texmf-dist/tex/generic/pgf/utilities/pgfrcs.code.tex (/usr/local/texlive/2022/texmf-dist/tex/generic/pgf/pgf.revision.tex)
Package: pgfrcs 2021/05/15 v3.1.9a (3.1.9a)
)) (/usr/local/texlive/2022/texmf-dist/tex/latex/pgf/utilities/pgfkeys.sty (/usr/local/texlive/2022/texmf-dist/tex/generic/pgf/utilities/pgfkeys.code.tex
\pgfkeys@pathtoks=\toks29
\pgfkeys@temptoks=\toks30
 (/usr/local/texlive/2022/texmf-dist/tex/generic/pgf/utilities/pgfkeysfiltered.code.tex
\pgfkeys@tmptoks=\toks31
)))
(/usr/local/texlive/2022/texmf-dist/tex/latex/etoolbox/etoolbox.sty
Package: etoolbox 2020/10/05 v2.5k e-TeX tools for LaTeX (JAW)
\etb@tempcnta=\count280
) (/usr/local/texlive/2022/texmf-dist/tex/latex/tools/shellesc.sty
Package: shellesc 2019/11/08 v1.0c unified shell escape interface for LaTeX
Package shellesc Info: Unrestricted shell escape enabled on input line 75.
)
\csv@file=\read3
\c@csvinputline=\count281
\c@csvrow=\count282
\c@csvcol=\count283
\csv@out=\write4
) (/usr/local/texlive/2022/texmf-dist/tex/latex/fancyvrb/fancyvrb.sty
Package: fancyvrb 2021/12/21 4.1b verbatim text (tvz,hv)
\FV@CodeLineNo=\count284
\FV@InFile=\read4
\FV@TabBox=\box56
\c@FancyVerbLine=\count285
\FV@StepNumber=\count286
\FV@OutFile=\write5
)
\markdownLaTeXCitationsCounter=\count287
 (/usr/local/texlive/2022/texmf-dist/tex/generic/gobble/gobble.sty
Package: gobble 2019/01/04 v0.2 Provides more gobble macros
 (/usr/local/texlive/2022/texmf-dist/tex/generic/gobble/gobble.tex)) (/usr/local/texlive/2022/texmf-dist/tex/latex/url/url.sty
\Urlmuskip=\muskip17
Package: url 2013/09/16  ver 3.4  Verb mode for urls, etc.
)
\markdownLaTeXRowCounter=\count288
\markdownLaTeXRowTotal=\count289
\markdownLaTeXColumnCounter=\count290
\markdownLaTeXColumnTotal=\count291
\markdownLaTeXTable=\toks32
\markdownLaTeXTableAlignment=\toks33
\markdownLaTeXTableEnd=\toks34
) (/usr/local/texlive/2022/texmf-dist/tex/latex/enumitem/enumitem.sty
Package: enumitem 2019/06/20 v3.9 Customized lists
\labelindent=\skip58
\enit@outerparindent=\dimen160
\enit@toks=\toks35
\enit@inbox=\box57
\enit@count@id=\count292
\enitdp@description=\count293
) (/usr/local/texlive/2022/texmf-dist/tex/latex/hyperref/hyperref.sty
Package: hyperref 2022-02-21 v7.00n Hypertext links for LaTeX
 (/usr/local/texlive/2022/texmf-dist/tex/generic/ltxcmds/ltxcmds.sty
Package: ltxcmds 2020-05-10 v1.25 LaTeX kernel commands for general use (HO)
) (/usr/local/texlive/2022/texmf-dist/tex/generic/pdftexcmds/pdftexcmds.sty
Package: pdftexcmds 2020-06-27 v0.33 Utility functions of pdfTeX for LuaTeX (HO)
 (/usr/local/texlive/2022/texmf-dist/tex/generic/infwarerr/infwarerr.sty
Package: infwarerr 2019/12/03 v1.5 Providing info/warning/error messages (HO)
)
Package pdftexcmds Info: \pdf@primitive is available.
Package pdftexcmds Info: \pdf@ifprimitive is available.
Package pdftexcmds Info: \pdfdraftmode found.
) (/usr/local/texlive/2022/texmf-dist/tex/generic/kvsetkeys/kvsetkeys.sty
Package: kvsetkeys 2019/12/15 v1.18 Key value parser (HO)
) (/usr/local/texlive/2022/texmf-dist/tex/generic/kvdefinekeys/kvdefinekeys.sty
Package: kvdefinekeys 2019-12-19 v1.6 Define keys (HO)
) (/usr/local/texlive/2022/texmf-dist/tex/generic/pdfescape/pdfescape.sty
Package: pdfescape 2019/12/09 v1.15 Implements pdfTeX's escape features (HO)
) (/usr/local/texlive/2022/texmf-dist/tex/latex/hycolor/hycolor.sty
Package: hycolor 2020-01-27 v1.10 Color options for hyperref/bookmark (HO)
) (/usr/local/texlive/2022/texmf-dist/tex/latex/letltxmacro/letltxmacro.sty
Package: letltxmacro 2019/12/03 v1.6 Let assignment for LaTeX macros (HO)
) (/usr/local/texlive/2022/texmf-dist/tex/latex/auxhook/auxhook.sty
Package: auxhook 2019-12-17 v1.6 Hooks for auxiliary files (HO)
) (/usr/local/texlive/2022/texmf-dist/tex/latex/kvoptions/kvoptions.sty
Package: kvoptions 2020-10-07 v3.14 Key value format for package options (HO)
)
\@linkdim=\dimen161
\Hy@linkcounter=\count294
\Hy@pagecounter=\count295
 (/usr/local/texlive/2022/texmf-dist/tex/latex/hyperref/pd1enc.def
File: pd1enc.def 2022-02-21 v7.00n Hyperref: PDFDocEncoding definition (HO)
Now handling font encoding PD1 ...
... no UTF-8 mapping file for font encoding PD1
) (/usr/local/texlive/2022/texmf-dist/tex/generic/intcalc/intcalc.sty
Package: intcalc 2019/12/15 v1.3 Expandable calculations with integers (HO)
) (/usr/local/texlive/2022/texmf-dist/tex/generic/etexcmds/etexcmds.sty
Package: etexcmds 2019/12/15 v1.7 Avoid name clashes with e-TeX commands (HO)
)
\Hy@SavedSpaceFactor=\count296
 (/usr/local/texlive/2022/texmf-dist/tex/latex/hyperref/puenc.def
File: puenc.def 2022-02-21 v7.00n Hyperref: PDF Unicode definition (HO)
Now handling font encoding PU ...
... no UTF-8 mapping file for font encoding PU
)
Package hyperref Info: Option `colorlinks' set `true' on input line 4018.
Package hyperref Info: Hyper figures OFF on input line 4137.
Package hyperref Info: Link nesting OFF on input line 4142.
Package hyperref Info: Hyper index ON on input line 4145.
Package hyperref Info: Plain pages OFF on input line 4152.
Package hyperref Info: Backreferencing OFF on input line 4157.
Package hyperref Info: Implicit mode ON; LaTeX internals redefined.
Package hyperref Info: Bookmarks ON on input line 4390.
\c@Hy@tempcnt=\count297
LaTeX Info: Redefining \url on input line 4749.
\XeTeXLinkMargin=\dimen162
 (/usr/local/texlive/2022/texmf-dist/tex/generic/bitset/bitset.sty
Package: bitset 2019/12/09 v1.3 Handle bit-vector datatype (HO)
 (/usr/local/texlive/2022/texmf-dist/tex/generic/bigintcalc/bigintcalc.sty
Package: bigintcalc 2019/12/15 v1.5 Expandable calculations on big integers (HO)
))
\Fld@menulength=\count298
\Field@Width=\dimen163
\Fld@charsize=\dimen164
Package hyperref Info: Hyper figures OFF on input line 6027.
Package hyperref Info: Link nesting OFF on input line 6032.
Package hyperref Info: Hyper index ON on input line 6035.
Package hyperref Info: backreferencing OFF on input line 6042.
Package hyperref Info: Link coloring ON on input line 6045.
Package hyperref Info: Link coloring with OCG OFF on input line 6052.
Package hyperref Info: PDF/A mode OFF on input line 6057.
LaTeX Info: Redefining \ref on input line 6097.
LaTeX Info: Redefining \pageref on input line 6101.
 (/usr/local/texlive/2022/texmf-dist/tex/latex/base/atbegshi-ltx.sty
Package: atbegshi-ltx 2021/01/10 v1.0c Emulation of the original atbegshi
package with kernel methods
)
\Hy@abspage=\count299
\c@Item=\count300
\c@Hfootnote=\count301
)
Package hyperref Info: Driver (autodetected): hpdftex.
 (/usr/local/texlive/2022/texmf-dist/tex/latex/hyperref/hpdftex.def
File: hpdftex.def 2022-02-21 v7.00n Hyperref driver for pdfTeX
 (/usr/local/texlive/2022/texmf-dist/tex/latex/base/atveryend-ltx.sty
Package: atveryend-ltx 2020/08/19 v1.0a Emulation of the original atveryend package
with kernel methods
)
\Fld@listcount=\count302
\c@bookmark@seq@number=\count303
 (/usr/local/texlive/2022/texmf-dist/tex/latex/rerunfilecheck/rerunfilecheck.sty
Package: rerunfilecheck 2019/12/05 v1.9 Rerun checks for auxiliary files (HO)
 (/usr/local/texlive/2022/texmf-dist/tex/generic/uniquecounter/uniquecounter.sty
Package: uniquecounter 2019/12/15 v1.4 Provide unlimited unique counter (HO)
)
Package uniquecounter Info: New unique counter `rerunfilecheck' on input line 286.
)
\Hy@SectionHShift=\skip59
)
(/usr/local/texlive/2022/texmf-dist/tex/latex/caption/caption.sty
Package: caption 2022/03/01 v3.6b Customizing captions (AR)
 (/usr/local/texlive/2022/texmf-dist/tex/latex/caption/caption3.sty
Package: caption3 2022/03/17 v2.3b caption3 kernel (AR)
\caption@tempdima=\dimen165
\captionmargin=\dimen166
\caption@leftmargin=\dimen167
\caption@rightmargin=\dimen168
\caption@width=\dimen169
\caption@indent=\dimen170
\caption@parindent=\dimen171
\caption@hangindent=\dimen172
Package caption Info: Standard document class detected.
)
\c@caption@flags=\count304
\c@continuedfloat=\count305
Package caption Info: float package is loaded.
Package caption Info: hyperref package is loaded.
) (/usr/local/texlive/2022/texmf-dist/tex/latex/overpic/overpic.sty
Package: overpic 2020/02/22 1.3 picture overlays (RN)
 (/usr/local/texlive/2022/texmf-dist/tex/latex/eepic/epic.sty
Enhancements to Picture Environment. Version 1.2 - Released June 1, 1986
\@@multicnt=\count306
\d@lta=\count307
\@delta=\dimen173
\@@delta=\dimen174
\@gridcnt=\count308
\@joinkind=\count309
\@dotgap=\dimen175
\@ddotgap=\dimen176
\@x@diff=\count310
\@y@diff=\count311
\x@diff=\dimen177
\y@diff=\dimen178
\@dotbox=\box58
\num@segments=\count312
\num@segmentsi=\count313
\@datafile=\read5
)
\OVP@box=\box59
) (./topology-literature-review.aux)
\openout1 = `topology-literature-review.aux'.

LaTeX Font Info:    Checking defaults for OML/cmm/m/it on input line 24.
LaTeX Font Info:    ... okay on input line 24.
LaTeX Font Info:    Checking defaults for OMS/cmsy/m/n on input line 24.
LaTeX Font Info:    ... okay on input line 24.
LaTeX Font Info:    Checking defaults for OT1/cmr/m/n on input line 24.
LaTeX Font Info:    ... okay on input line 24.
LaTeX Font Info:    Checking defaults for T1/cmr/m/n on input line 24.
LaTeX Font Info:    ... okay on input line 24.
LaTeX Font Info:    Checking defaults for TS1/cmr/m/n on input line 24.
LaTeX Font Info:    ... okay on input line 24.
LaTeX Font Info:    Checking defaults for OMX/cmex/m/n on input line 24.
LaTeX Font Info:    ... okay on input line 24.
LaTeX Font Info:    Checking defaults for U/cmr/m/n on input line 24.
LaTeX Font Info:    ... okay on input line 24.
LaTeX Font Info:    Checking defaults for PD1/pdf/m/n on input line 24.
LaTeX Font Info:    ... okay on input line 24.
LaTeX Font Info:    Checking defaults for PU/pdf/m/n on input line 24.
LaTeX Font Info:    ... okay on input line 24.

*geometry* driver: auto-detecting
*geometry* detected driver: pdftex
*geometry* verbose mode - [ preamble ] result:
* driver: pdftex
* paper: <default>
* layout: <same size as paper>
* layoutoffset:(h,v)=(0.0pt,0.0pt)
* modes: 
* h-part:(L,W,R)=(36.135pt, 542.02501pt, 36.135pt)
* v-part:(T,H,B)=(36.135pt, 722.7pt, 36.135pt)
* \paperwidth=614.295pt
* \paperheight=794.96999pt
* \textwidth=542.02501pt
* \textheight=722.7pt
* \oddsidemargin=-36.135pt
* \evensidemargin=-36.135pt
* \topmargin=-73.135pt
* \headheight=12.0pt
* \headsep=25.0pt
* \topskip=11.0pt
* \footskip=30.0pt
* \marginparwidth=59.0pt
* \marginparsep=10.0pt
* \columnsep=10.0pt
* \skip\footins=10.0pt plus 4.0pt minus 2.0pt
* \hoffset=0.0pt
* \voffset=0.0pt
* \mag=1000
* \@twocolumnfalse
* \@twosidefalse
* \@mparswitchfalse
* \@reversemarginfalse
* (1in=72.27pt=25.4mm, 1cm=28.453pt)

(/usr/local/texlive/2022/texmf-dist/tex/context/base/mkii/supp-pdf.mkii
[Loading MPS to PDF converter (version 2006.09.02).]
\scratchcounter=\count314
\scratchdimen=\dimen179
\scratchbox=\box60
\nofMPsegments=\count315
\nofMParguments=\count316
\everyMPshowfont=\toks36
\MPscratchCnt=\count317
\MPscratchDim=\dimen180
\MPnumerator=\count318
\makeMPintoPDFobject=\count319
\everyMPtoPDFconversion=\toks37
) (/usr/local/texlive/2022/texmf-dist/tex/latex/epstopdf-pkg/epstopdf-base.sty
Package: epstopdf-base 2020-01-24 v2.11 Base part for package epstopdf
Package epstopdf-base Info: Redefining graphics rule for `.eps' on input line 485.
 (/usr/local/texlive/2022/texmf-dist/tex/latex/latexconfig/epstopdf-sys.cfg
File: epstopdf-sys.cfg 2010/07/13 v1.3 Configuration of (r)epstopdf for TeX Live
))
Package hyperref Info: Link coloring ON on input line 24.
 (/usr/local/texlive/2022/texmf-dist/tex/latex/hyperref/nameref.sty
Package: nameref 2021-04-02 v2.47 Cross-referencing by name of section
 (/usr/local/texlive/2022/texmf-dist/tex/latex/refcount/refcount.sty
Package: refcount 2019/12/15 v3.6 Data extraction from label references (HO)
) (/usr/local/texlive/2022/texmf-dist/tex/generic/gettitlestring/gettitlestring.sty
Package: gettitlestring 2019/12/15 v1.6 Cleanup title references (HO)
)
\c@section@level=\count320
)
LaTeX Info: Redefining \ref on input line 24.
LaTeX Info: Redefining \pageref on input line 24.
LaTeX Info: Redefining \nameref on input line 24.
 (./topology-literature-review.out) (./topology-literature-review.out)
\@outlinefile=\write6
\openout6 = `topology-literature-review.out'.

Package caption Info: Begin \AtBeginDocument code.
Package caption Info: End \AtBeginDocument code.
 (./topology-literature-review.toc
LaTeX Font Info:    Trying to load font information for U+msa on input line 2.
 (/usr/local/texlive/2022/texmf-dist/tex/latex/amsfonts/umsa.fd
File: umsa.fd 2013/01/14 v3.01 AMS symbols A
)
LaTeX Font Info:    Trying to load font information for U+msb on input line 2.
 (/usr/local/texlive/2022/texmf-dist/tex/latex/amsfonts/umsb.fd
File: umsb.fd 2013/01/14 v3.01 AMS symbols B
))
\tf@toc=\write7
\openout7 = `topology-literature-review.toc'.

 [1

{/usr/local/texlive/2022/texmf-var/fonts/map/pdftex/updmap/pdftex.map}]
\openout3 = `topology-literature-review.markdown.in'.

Package markdown Info: Buffering markdown input into the temporary input file "topology-literature-review.markdown.in" and scanning for the closing token sequence "\end{markdown}" on input line 35.
Package markdown Info: The ending token sequence was found on input line 65.
Package markdown Info: Including markdown document "./topology-literature-review.markdown.in" on input line 65.
\openout3 = `topology-literature-review.markdown.lua'.

Package markdown Info: Writing a helper Lua script to the file "topology-literature-review.markdown.lua" on input line 65.
Package markdown Info: Executing a helper Lua script from the file "topology-literature-review.markdown.lua" and storing the result in the file "topology-literature-review.markdown.out" on input line 65.
runsystem(texlua "./topology-literature-review.markdown.lua" > "./topology-literature-review.markdown.out")...executed.

 (./topology-literature-review.markdown.out (./_markdown_topology-literature-review/8733173289f7ec1dbc6f4f8a9caeb808.md.tex))
<figures/dittrich2001/dittrich-table.pdf, id=145, 1927.2pt x 1084.05pt>
File: figures/dittrich2001/dittrich-table.pdf Graphic file (type pdf)
<use figures/dittrich2001/dittrich-table.pdf>
Package pdftex.def Info: figures/dittrich2001/dittrich-table.pdf  used on input line 68.
(pdftex.def)             Requested size: 542.02501pt x 304.88832pt.
 [2

] [3 <./figures/dittrich2001/dittrich-table.pdf>]
\openout3 = `topology-literature-review.markdown.in'.

Package markdown Info: Buffering markdown input into the temporary input file "topology-literature-review.markdown.in" and scanning for the closing token sequence "\end{markdown}" on input line 79.
Package markdown Info: The ending token sequence was found on input line 111.
Package markdown Info: Including markdown document "./topology-literature-review.markdown.in" on input line 111.
\openout3 = `topology-literature-review.markdown.lua'.

Package markdown Info: Writing a helper Lua script to the file "topology-literature-review.markdown.lua" on input line 111.
Package markdown Info: Executing a helper Lua script from the file "topology-literature-review.markdown.lua" and storing the result in the file "topology-literature-review.markdown.out" on input line 111.
runsystem(texlua "./topology-literature-review.markdown.lua" > "./topology-literature-review.markdown.out")...executed.

 (./topology-literature-review.markdown.out (./_markdown_topology-literature-review/3beeb291645466d5176bef851c21cf38.md.tex)) [4

]
\openout3 = `topology-literature-review.markdown.in'.

Package markdown Info: Buffering markdown input into the temporary input file "topology-literature-review.markdown.in" and scanning for the closing token sequence "\end{markdown}" on input line 119.
Package markdown Info: The ending token sequence was found on input line 151.
Package markdown Info: Including markdown document "./topology-literature-review.markdown.in" on input line 151.
\openout3 = `topology-literature-review.markdown.lua'.

Package markdown Info: Writing a helper Lua script to the file "topology-literature-review.markdown.lua" on input line 151.
Package markdown Info: Executing a helper Lua script from the file "topology-literature-review.markdown.lua" and storing the result in the file "topology-literature-review.markdown.out" on input line 151.
runsystem(texlua "./topology-literature-review.markdown.lua" > "./topology-literature-review.markdown.out")...executed.

 (./topology-literature-review.markdown.out (./_markdown_topology-literature-review/4d5d6d02355a74021b21b7f501460e91.md.tex
Overfull \hbox (39.99866pt too wide) in paragraph at lines 5--6
[]\OT1/cmr/m/n/10.95 by sup-press-ing the di-rect re-ac-tion from re-ac-tants to prod-ucts, we get ACS, lead-ing to ex-po-nen-tial growth|exponential
 []

))
<figures/virgo2016/fig1.png, id=186, 515.9275pt x 319.1925pt>
File: figures/virgo2016/fig1.png Graphic file (type png)
<use figures/virgo2016/fig1.png>
Package pdftex.def Info: figures/virgo2016/fig1.png  used on input line 154.
(pdftex.def)             Requested size: 542.02501pt x 335.37143pt.
<figures/virgo2016/fig2.png, id=192, 450.68375pt x 193.72375pt>
File: figures/virgo2016/fig2.png Graphic file (type png)
<use figures/virgo2016/fig2.png>
Package pdftex.def Info: figures/virgo2016/fig2.png  used on input line 160.
(pdftex.def)             Requested size: 542.02501pt x 233.01418pt.
 [5

] [6 <./figures/virgo2016/fig1.png> <./figures/virgo2016/fig2.png>]
\openout3 = `topology-literature-review.markdown.in'.

Package markdown Info: Buffering markdown input into the temporary input file "topology-literature-review.markdown.in" and scanning for the closing token sequence "\end{markdown}" on input line 170.
Package markdown Info: The ending token sequence was found on input line 200.
Package markdown Info: Including markdown document "./topology-literature-review.markdown.in" on input line 200.
\openout3 = `topology-literature-review.markdown.lua'.

Package markdown Info: Writing a helper Lua script to the file "topology-literature-review.markdown.lua" on input line 200.
Package markdown Info: Executing a helper Lua script from the file "topology-literature-review.markdown.lua" and storing the result in the file "topology-literature-review.markdown.out" on input line 200.
runsystem(texlua "./topology-literature-review.markdown.lua" > "./topology-literature-review.markdown.out")...executed.

 (./topology-literature-review.markdown.out (./_markdown_topology-literature-review/2144010e1b45938f2a3422f4f5b67814.md.tex))
<figures/walker2012/fig3.png, id=212, 377.41pt x 304.13625pt>
File: figures/walker2012/fig3.png Graphic file (type png)
<use figures/walker2012/fig3.png>
Package pdftex.def Info: figures/walker2012/fig3.png  used on input line 204.
(pdftex.def)             Requested size: 406.51875pt x 327.59442pt.
 [7

] [8 <./figures/walker2012/fig3.png>]
\openout3 = `topology-literature-review.markdown.in'.

Package markdown Info: Buffering markdown input into the temporary input file "topology-literature-review.markdown.in" and scanning for the closing token sequence "\end{markdown}" on input line 214.
Package markdown Info: The ending token sequence was found on input line 248.
Package markdown Info: Including markdown document "./topology-literature-review.markdown.in" on input line 248.
\openout3 = `topology-literature-review.markdown.lua'.

Package markdown Info: Writing a helper Lua script to the file "topology-literature-review.markdown.lua" on input line 248.
Package markdown Info: Executing a helper Lua script from the file "topology-literature-review.markdown.lua" and storing the result in the file "topology-literature-review.markdown.out" on input line 248.
runsystem(texlua "./topology-literature-review.markdown.lua" > "./topology-literature-review.markdown.out")...executed.

 (./topology-literature-review.markdown.out (./_markdown_topology-literature-review/87fba564dd966aec84b91acc5201de87.md.tex)) [9

]
\openout3 = `topology-literature-review.markdown.in'.

Package markdown Info: Buffering markdown input into the temporary input file "topology-literature-review.markdown.in" and scanning for the closing token sequence "\end{markdown}" on input line 256.
Package markdown Info: The ending token sequence was found on input line 280.
Package markdown Info: Including markdown document "./topology-literature-review.markdown.in" on input line 280.
\openout3 = `topology-literature-review.markdown.lua'.

Package markdown Info: Writing a helper Lua script to the file "topology-literature-review.markdown.lua" on input line 280.
Package markdown Info: Executing a helper Lua script from the file "topology-literature-review.markdown.lua" and storing the result in the file "topology-literature-review.markdown.out" on input line 280.
runsystem(texlua "./topology-literature-review.markdown.lua" > "./topology-literature-review.markdown.out")...executed.

 (./topology-literature-review.markdown.out (./_markdown_topology-literature-review/2dcefab0a3042545ff32d21651168ada.md.tex)) [10

] [11

] [12

] [13

] [14

]
\openout3 = `topology-literature-review.markdown.in'.

Package markdown Info: Buffering markdown input into the temporary input file "topology-literature-review.markdown.in" and scanning for the closing token sequence "\end{markdown}" on input line 307.
Package markdown Info: The ending token sequence was found on input line 331.
Package markdown Info: Including markdown document "./topology-literature-review.markdown.in" on input line 331.
\openout3 = `topology-literature-review.markdown.lua'.

Package markdown Info: Writing a helper Lua script to the file "topology-literature-review.markdown.lua" on input line 331.
Package markdown Info: Executing a helper Lua script from the file "topology-literature-review.markdown.lua" and storing the result in the file "topology-literature-review.markdown.out" on input line 331.
runsystem(texlua "./topology-literature-review.markdown.lua" > "./topology-literature-review.markdown.out")...executed.

 (./topology-literature-review.markdown.out (./_markdown_topology-literature-review/4b8db83a45007e31cf4c6bd844ee3f7a.md.tex
Overfull \hbox (6.29697pt too wide) in paragraph at lines 6--7
[]\OT1/cmr/m/n/10.95 using mul-ti-di-men-sional imag-ing and molec-u-lar dy-nam-ics we con-clude that ser-pen-tinites func-tion as nanoporous
 []

)) [15

]
\openout3 = `topology-literature-review.markdown.in'.

Package markdown Info: Buffering markdown input into the temporary input file "topology-literature-review.markdown.in" and scanning for the closing token sequence "\end{markdown}" on input line 337.
Package markdown Info: The ending token sequence was found on input line 353.
Package markdown Info: Including markdown document "./topology-literature-review.markdown.in" on input line 353.
\openout3 = `topology-literature-review.markdown.lua'.

Package markdown Info: Writing a helper Lua script to the file "topology-literature-review.markdown.lua" on input line 353.
Package markdown Info: Executing a helper Lua script from the file "topology-literature-review.markdown.lua" and storing the result in the file "topology-literature-review.markdown.out" on input line 353.
runsystem(texlua "./topology-literature-review.markdown.lua" > "./topology-literature-review.markdown.out")...executed.

 (./topology-literature-review.markdown.out (./_markdown_topology-literature-review/aa04382f61e3a7898d6171b25846bcd7.md.tex)) [16

]
\openout3 = `topology-literature-review.markdown.in'.

Package markdown Info: Buffering markdown input into the temporary input file "topology-literature-review.markdown.in" and scanning for the closing token sequence "\end{markdown}" on input line 359.
Package markdown Info: The ending token sequence was found on input line 415.
Package markdown Info: Including markdown document "./topology-literature-review.markdown.in" on input line 415.
\openout3 = `topology-literature-review.markdown.lua'.

Package markdown Info: Writing a helper Lua script to the file "topology-literature-review.markdown.lua" on input line 415.
Package markdown Info: Executing a helper Lua script from the file "topology-literature-review.markdown.lua" and storing the result in the file "topology-literature-review.markdown.out" on input line 415.
runsystem(texlua "./topology-literature-review.markdown.lua" > "./topology-literature-review.markdown.out")...executed.

 (./topology-literature-review.markdown.out (./_markdown_topology-literature-review/7c196c16f0d633a7ee193153ad8c6a6b.md.tex [17

] [18])) [19] (./topology-literature-review.bbl) [20

] (./topology-literature-review.aux)
Package rerunfilecheck Info: File `topology-literature-review.out' has not changed.
(rerunfilecheck)             Checksum: B0454A305BCD4BC684237703EB507D52;1481.
 ) 
Here is how much of TeX's memory you used:
 15927 strings out of 478268
 277642 string characters out of 5846348
 572739 words of memory out of 5000000
 33782 multiletter control sequences out of 15000+600000
 476578 words of font info for 55 fonts, out of 8000000 for 9000
 1141 hyphenation exceptions out of 8191
 82i,6n,80p,1827b,466s stack positions out of 10000i,1000n,20000p,200000b,200000s
{/usr/local/texlive/2022/texmf-dist/fonts/enc/dvips/cm-super/cm-super-ts1.enc}</usr/local/texlive/2022/texmf-dist/fonts/type1/public/amsfonts/cm/cmbx10.pfb></usr/local/texlive/2022/texmf-dist/fonts/type1/public/amsfonts/cm/cmbx12.pfb></usr/local/texlive/2022/texmf-dist/fonts/type1/public/amsfonts/cm/cmr10.pfb></usr/local/texlive/2022/texmf-dist/fonts/type1/public/amsfonts/cm/cmr9.pfb></usr/local/texlive/2022/texmf-dist/fonts/type1/public/amsfonts/cm/cmti10.pfb></usr/local/texlive/2022/texmf-dist/fonts/type1/public/amsfonts/cm/cmtt9.pfb></usr/local/texlive/2022/texmf-dist/fonts/type1/public/cm-super/sfrm1095.pfb>
Output written on topology-literature-review.pdf (20 pages, 856095 bytes).
PDF statistics:
 362 PDF objects out of 1000 (max. 8388607)
 301 compressed objects within 4 object streams
 58 named destinations out of 1000 (max. 500000)
 165 words of extra memory for PDF output out of 10000 (max. 10000000)

