\BOOKMARK [1][-]{section.1}{\376\377\000P\000r\000e\000v\000i\000o\000u\000s\000\040\000n\000o\000t\000e\000s\000\040\000f\000r\000o\000m\000\040\000C\000o\000l\000e}{}% 1
\BOOKMARK [2][-]{subsection.1.1}{\376\377\000M\000a\000y\000\040\0001\0002\000t\000h\000,\000\040\0002\0000\0002\0002}{section.1}% 2
\BOOKMARK [2][-]{subsection.1.2}{\376\377\000J\000u\000n\000e\000\040\0002\0004\000t\000h\000,\000\040\0002\0000\0002\0002}{section.1}% 3
\BOOKMARK [2][-]{subsection.1.3}{\376\377\000J\000u\000l\000y\000\040\0006\000t\000h\000,\000\040\0002\0000\0002\0002}{section.1}% 4
\BOOKMARK [2][-]{subsection.1.4}{\376\377\000J\000u\000l\000y\000\040\0001\0002\000t\000h\000,\000\040\0002\0000\0002\0002}{section.1}% 5
\BOOKMARK [2][-]{subsection.1.5}{\376\377\000J\000u\000l\000y\000\040\0001\0003\000t\000h\000,\000\040\0002\0000\0002\0002}{section.1}% 6
\BOOKMARK [2][-]{subsection.1.6}{\376\377\000S\000e\000p\000t\000e\000m\000b\000e\000r\000\040\0009\000t\000h\000,\000\040\0002\0000\0002\0004\000\040\000\050\000A\000l\000e\000x\000\051}{section.1}% 7
\BOOKMARK [2][-]{subsection.1.7}{\376\377\000S\000e\000p\000t\000e\000m\000b\000e\000r\000\040\0001\0001\000t\000h\000,\000\040\0002\0000\0002\0004\000\040\000\050\000A\000l\000e\000x\000\051}{section.1}% 8
\BOOKMARK [2][-]{subsection.1.8}{\376\377\000S\000e\000p\000t\000e\000m\000b\000e\000r\000\040\0001\0002\000t\000h\000,\000\040\0002\0000\0002\0004\000\040\000\050\000A\000l\000e\000x\000\051}{section.1}% 9
\BOOKMARK [1][-]{section.2}{\376\377\000D\000e\000s\000c\000r\000i\000p\000t\000i\000o\000n\000\040\000o\000f\000\040\000t\000h\000e\000\040\000s\000y\000s\000t\000e\000m}{}% 10
\BOOKMARK [2][-]{subsection.2.1}{\376\377\000A\000r\000t\000i\000f\000i\000c\000i\000a\000l\000\040\000c\000h\000e\000m\000i\000s\000t\000r\000y}{section.2}% 11
\BOOKMARK [2][-]{subsection.2.2}{\376\377\000S\000y\000s\000t\000e\000m\000\040\000o\000f\000\040\000r\000e\000a\000c\000t\000o\000r\000s}{section.2}% 12
\BOOKMARK [2][-]{subsection.2.3}{\376\377\000T\000o\000p\000o\000l\000o\000g\000i\000e\000s}{section.2}% 13
\BOOKMARK [2][-]{subsection.2.4}{\376\377\000I\000n\000t\000e\000g\000e\000r\000\040\000c\000h\000e\000m\000i\000s\000t\000r\000y\000\040\000a\000n\000d\000\040\000A\000s\000s\000e\000m\000b\000l\000y\000\040\000T\000h\000e\000o\000r\000y}{section.2}% 14
\BOOKMARK [1][-]{section.3}{\376\377\000E\000x\000p\000e\000r\000i\000m\000e\000n\000t\000s\000\040\000w\000i\000t\000h\000\040\000t\000h\000e\000\040\000s\000t\000o\000c\000h\000a\000s\000t\000i\000c\000\040\000m\000e\000t\000h\000o\000d}{}% 15
\BOOKMARK [2][-]{subsection.3.1}{\376\377\000M\000S\0000\0001\000:\000\040\000t\000i\000m\000e\000\040\000s\000e\000r\000i\000e\000s}{section.3}% 16
\BOOKMARK [2][-]{subsection.3.2}{\376\377\000M\000S\0000\0002\000:\000\040\000v\000a\000r\000y\000i\000n\000g\000\040\000t\000h\000e\000\040\000d\000i\000f\000f\000u\000s\000i\000o\000n\000\040\000r\000a\000t\000e}{section.3}% 17
\BOOKMARK [2][-]{subsection.3.3}{\376\377\000M\000S\0000\0003\000:\000\040\000m\000e\000a\000s\000u\000r\000i\000n\000g\000\040\000d\000i\000s\000t\000a\000n\000c\000e\000\040\000f\000r\000o\000m\000\040\000s\000o\000u\000r\000c\000e}{section.3}% 18
\BOOKMARK [2][-]{subsection.3.4}{\376\377\000M\000S\0000\0004\000:\000\040\000m\000e\000a\000s\000u\000r\000i\000n\000g\000\040\000d\000e\000t\000e\000c\000t\000i\000o\000n\000\040\000t\000h\000r\000e\000s\000h\000o\000l\000d\000s}{section.3}% 19
\BOOKMARK [1][-]{section*.14}{\376\377\0004\000\040\000E\000x\000p\000e\000r\000i\000m\000e\000n\000t\000s\000\040\000w\000i\000t\000h\000\040\000t\000h\000e\000\040\000t\000a\000u\000-\000l\000e\000a\000p\000i\000n\000g\000\040\000m\000e\000t\000h\000o\000d\000\040\000\050\000b\000u\000g\000\040\000w\000i\000t\000h\000\040\000i\000n\000f\000l\000o\000w\000\051}{}% 20
\BOOKMARK [2][-]{section*.15}{\376\377\0004\000.\0001\000\040\000M\000S\0000\0006\000:\000\040\000i\000m\000p\000l\000e\000m\000e\000n\000t\000i\000n\000g\000\040\000t\000a\000u\000-\000l\000e\000a\000p\000i\000n\000g}{section*.14}% 21
\BOOKMARK [2][-]{section*.16}{\376\377\0004\000.\0002\000\040\000M\000S\0000\0008\000:\000\040\000d\000i\000s\000t\000a\000n\000c\000e\000\040\000f\000r\000o\000m\000\040\000s\000o\000u\000r\000c\000e\000\040\000\050\000b\000i\000s\000\051}{section*.14}% 22
\BOOKMARK [2][-]{section*.18}{\376\377\0004\000.\0003\000\040\000M\000S\0000\0009\000:\000\040\000v\000a\000r\000y\000i\000n\000g\000\040\000d\000i\000f\000f\000u\000s\000i\000o\000n\000\040\000\050\000b\000i\000s\000\051}{section*.14}% 23
\BOOKMARK [2][-]{section*.21}{\376\377\0004\000.\0004\000\040\000M\000S\0001\0002\000:\000\040\000a\000s\000s\000e\000m\000b\000l\000y\000\040\000o\000f\000\040\000i\000n\000t\000e\000g\000e\000r\000s\000\040\000\050\000b\000i\000s\000\051}{section*.14}% 24
\BOOKMARK [2][-]{section*.23}{\376\377\0004\000.\0005\000\040\000M\000S\0001\0003\000:\000\040\000i\000n\000t\000e\000g\000e\000r\000s\000\040\000h\000i\000s\000t\000o\000g\000r\000a\000m}{section*.14}% 25
\BOOKMARK [2][-]{section*.25}{\376\377\0004\000.\0006\000\040\000M\000S\0001\0005\000-\0001\0008\000:\000\040\000s\000w\000e\000e\000p\000\040\000o\000n\000\040\000i\000n\000f\000l\000o\000w\000\040\000\040\000d\000i\000f\000f\000u\000s\000i\000o\000n\000\040\000w\000i\000t\000h\000\040\000t\000m\000a\000x\000=\0001\0000\0002\000,\000\040\0001\0000\0003\000,\000\040\0001\0000\0004}{section*.14}% 26
\BOOKMARK [3][-]{section*.26}{\376\377\0004\000.\0006\000.\0001\000\040\000T\000i\000m\000e\000\040\000s\000e\000r\000i\000e\000s\000\040\000f\000o\000r\000\040\000a\000\040\000s\000i\000n\000g\000l\000e\000\040\000s\000i\000m\000u\000l\000a\000t\000i\000o\000n\000\040\000a\000n\000d\000\040\000f\000o\000r\000\040\000w\000h\000o\000l\000e\000\040\000s\000y\000s\000t\000e\000m\000s}{section*.25}% 27
\BOOKMARK [3][-]{section*.28}{\376\377\0004\000.\0006\000.\0002\000\040\000P\000o\000w\000e\000r\000\040\000l\000a\000w\000\040\000f\000i\000t\000\040\000o\000v\000e\000r\000\040\000t\000h\000e\000\040\000w\000h\000o\000l\000e\000\040\000s\000y\000s\000t\000e\000m\000\040\000\050\000i\000n\000t\000e\000g\000e\000r\000/\000A\000I\000\051\000\040\000a\000n\000d\000\040\000i\000n\000f\000l\000o\000w\000/\000o\000u\000t\000f\000l\000o\000w}{section*.25}% 28
\BOOKMARK [3][-]{section*.30}{\376\377\0004\000.\0006\000.\0003\000\040\000E\000x\000p\000o\000n\000e\000n\000t\000\040\000o\000f\000\040\000p\000o\000w\000e\000r\000\040\000l\000a\000w\000\040\000f\000i\000t\000,\000\040\000a\000v\000e\000r\000a\000g\000e\000\040\000i\000n\000t\000e\000g\000e\000r\000\040\000a\000n\000d\000\040\000t\000o\000t\000a\000l\000\040\000m\000a\000s\000s}{section*.25}% 29
\BOOKMARK [3][-]{section*.32}{\376\377\0004\000.\0006\000.\0004\000\040\000E\000x\000p\000o\000n\000e\000n\000t\000s\000\040\000o\000f\000\040\000p\000o\000w\000e\000r\000\040\000l\000a\000w\000\040\000f\000i\000t\000\040\000a\000t\000\040\000i\000n\000f\000l\000o\000w\000/\000o\000u\000t\000f\000l\000o\000w\000/\000d\000i\000f\000f}{section*.25}% 30
\BOOKMARK [3][-]{section*.34}{\376\377\0004\000.\0006\000.\0005\000\040\000T\000i\000m\000e\000\040\000s\000e\000r\000i\000e\000s\000\040\000f\000o\000r\000\040\000l\000i\000m\000i\000t\000\040\000c\000a\000s\000e\000s}{section*.25}% 31
\BOOKMARK [3][-]{section*.36}{\376\377\0004\000.\0006\000.\0006\000\040\000W\000r\000a\000p\000p\000i\000n\000g\000\040\000u\000p\000\040\000M\000S\0001\0005\000-\0001\0008}{section*.25}% 32
\BOOKMARK [2][-]{section*.38}{\376\377\0004\000.\0007\000\040\000M\000S\0001\0009\000:\000\040\000r\000a\000n\000d\000o\000m\000i\000z\000i\000n\000g\000\040\000e\000d\000g\000e\000s\000\040\000o\000f\000\040\000t\000h\000e\000\040\000l\000a\000t\000t\000i\000c\000e\000\040\000t\000o\000p\000o\000l\000o\000g\000y}{section*.14}% 33
\BOOKMARK [3][-]{section*.40}{\376\377\0004\000.\0007\000.\0001\000\040\000C\000o\000m\000p\000a\000r\000i\000n\000g\000\040\000l\000a\000t\000t\000i\000c\000e\000\040\000v\000s\000\040\000r\000a\000n\000d\000o\000m\000i\000z\000e\000d\000\040\000t\000o\000p\000o\000l\000o\000g\000i\000e\000s}{section*.38}% 34
\BOOKMARK [1][-]{section.5}{\376\377\000E\000x\000p\000e\000r\000i\000m\000e\000n\000t\000s\000\040\000w\000i\000t\000h\000\040\000t\000h\000e\000\040\000t\000a\000u\000-\000l\000e\000a\000p\000i\000n\000g\000\040\000m\000e\000t\000h\000o\000d\000\040\000\050\000w\000i\000t\000h\000\040\000t\000h\000e\000\040\000o\000u\000t\000f\000l\000o\000w\000\040\000f\000i\000x\000e\000d\000\051}{}% 35
\BOOKMARK [2][-]{subsection.5.1}{\376\377\000M\000S\0002\0003\000:\000\040\000d\000i\000s\000t\000a\000n\000c\000e\000\040\000f\000r\000o\000m\000\040\000s\000o\000u\000r\000c\000e\000\040\000\050\000r\000e\000-\000b\000i\000s\000\051}{section.5}% 36
\BOOKMARK [2][-]{subsection.5.2}{\376\377\000M\000S\0002\0004\000:\000\040\000s\000w\000e\000e\000p\000\040\000o\000v\000e\000r\000\040\000k\000d}{section.5}% 37
\BOOKMARK [2][-]{subsection.5.3}{\376\377\000M\000S\0002\0005\000:\000\040\000s\000w\000e\000e\000p\000\040\000o\000v\000e\000r\000\040\000i\000n\000f\000l\000o\000w\000\040\000\040\000d\000i\000f\000f\000u\000s\000i\000o\000n\000:\000\040\000b\000e\000n\000c\000h\000m\000a\000r\000k}{section.5}% 38
\BOOKMARK [2][-]{subsection.5.4}{\376\377\000M\000S\0002\0006\000:\000\040\000s\000w\000e\000e\000p\000\040\000o\000v\000e\000r\000\040\000k\000d\000\040\000w\000i\000t\000h\000\040\000m\000u\000l\000t\000i\000p\000l\000e\000\040\000i\000n\000f\000l\000o\000w\000s\000\040\000\050\0002\040\031\000s\000\040\000o\000n\000l\000y\000\051}{section.5}% 39
\BOOKMARK [2][-]{subsection.5.5}{\376\377\000A\0000\0001\000:\000\040\000s\000w\000e\000e\000p\000\040\000o\000v\000e\000r\000\040\000k\000d\000\040\000.\000.\000.}{section.5}% 40
